{"C:\\Users\\Jonjon\\Desktop\\project_zero\\src\\index.ts": {"path":"C:\\Users\\Jonjon\\Desktop\\project_zero\\src\\index.ts","statementMap":{"0":{"start":{"line":2,"column":0},"end":{"line":2,"column":29}},"1":{"start":{"line":3,"column":0},"end":{"line":3,"column":37}},"2":{"start":{"line":4,"column":0},"end":{"line":4,"column":52}},"3":{"start":{"line":5,"column":0},"end":{"line":5,"column":50}},"4":{"start":{"line":6,"column":0},"end":{"line":6,"column":66}},"5":{"start":{"line":7,"column":0},"end":{"line":7,"column":66}},"6":{"start":{"line":8,"column":9},"end":{"line":8,"column":22}},"7":{"start":{"line":9,"column":11},"end":{"line":9,"column":26}},"8":{"start":{"line":10,"column":13},"end":{"line":10,"column":30}},"9":{"start":{"line":13,"column":19},"end":{"line":13,"column":41}},"10":{"start":{"line":14,"column":13},"end":{"line":14,"column":29}},"11":{"start":{"line":16,"column":22},"end":{"line":16,"column":94}},"12":{"start":{"line":18,"column":22},"end":{"line":19,"column":null}},"13":{"start":{"line":22,"column":0},"end":{"line":22,"column":null}},"14":{"start":{"line":24,"column":0},"end":{"line":24,"column":27}},"15":{"start":{"line":26,"column":0},"end":{"line":26,"column":null}},"16":{"start":{"line":27,"column":0},"end":{"line":27,"column":null}},"17":{"start":{"line":29,"column":0},"end":{"line":29,"column":33}},"18":{"start":{"line":30,"column":0},"end":{"line":30,"column":30}},"19":{"start":{"line":33,"column":0},"end":{"line":35,"column":null}},"20":{"start":{"line":34,"column":4},"end":{"line":34,"column":null}}},"fnMap":{"0":{"name":"(anonymous_1)","decl":{"start":{"line":33,"column":17},"end":{"line":33,"column":20}},"loc":{"start":{"line":33,"column":22},"end":{"line":35,"column":1}}}},"branchMap":{},"s":{"0":1,"1":1,"2":1,"3":1,"4":1,"5":1,"6":1,"7":1,"8":1,"9":1,"10":1,"11":1,"12":1,"13":1,"14":1,"15":1,"16":1,"17":1,"18":1,"19":1,"20":1},"f":{"0":1},"b":{}}
,"C:\\Users\\Jonjon\\Desktop\\project_zero\\src\\dao\\CoffeeDAO.ts": {"path":"C:\\Users\\Jonjon\\Desktop\\project_zero\\src\\dao\\CoffeeDAO.ts","statementMap":{"0":{"start":{"line":1,"column":0},"end":{"line":1,"column":58}},"1":{"start":{"line":2,"column":0},"end":{"line":2,"column":42}},"2":{"start":{"line":3,"column":0},"end":{"line":3,"column":31}},"3":{"start":{"line":7,"column":4},"end":{"line":16,"column":null}},"4":{"start":{"line":8,"column":8},"end":{"line":8,"column":38}},"5":{"start":{"line":9,"column":24},"end":{"line":9,"column":66}},"6":{"start":{"line":10,"column":21},"end":{"line":10,"column":60}},"7":{"start":{"line":11,"column":8},"end":{"line":11,"column":22}},"8":{"start":{"line":13,"column":8},"end":{"line":13,"column":25}},"9":{"start":{"line":15,"column":8},"end":{"line":15,"column":35}},"10":{"start":{"line":17,"column":4},"end":{"line":17,"column":14}},"11":{"start":{"line":5,"column":0},"end":{"line":5,"column":22}},"12":{"start":{"line":22,"column":4},"end":{"line":33,"column":null}},"13":{"start":{"line":23,"column":8},"end":{"line":23,"column":38}},"14":{"start":{"line":24,"column":24},"end":{"line":24,"column":86}},"15":{"start":{"line":26,"column":21},"end":{"line":26,"column":60}},"16":{"start":{"line":28,"column":8},"end":{"line":28,"column":22}},"17":{"start":{"line":30,"column":8},"end":{"line":30,"column":25}},"18":{"start":{"line":32,"column":8},"end":{"line":32,"column":35}},"19":{"start":{"line":34,"column":4},"end":{"line":34,"column":14}},"20":{"start":{"line":20,"column":0},"end":{"line":20,"column":22}},"21":{"start":{"line":39,"column":4},"end":{"line":49,"column":null}},"22":{"start":{"line":40,"column":8},"end":{"line":40,"column":38}},"23":{"start":{"line":42,"column":24},"end":{"line":42,"column":91}},"24":{"start":{"line":43,"column":21},"end":{"line":43,"column":60}},"25":{"start":{"line":44,"column":8},"end":{"line":44,"column":22}},"26":{"start":{"line":46,"column":8},"end":{"line":46,"column":25}},"27":{"start":{"line":48,"column":8},"end":{"line":48,"column":35}},"28":{"start":{"line":50,"column":4},"end":{"line":50,"column":14}},"29":{"start":{"line":37,"column":0},"end":{"line":37,"column":22}},"30":{"start":{"line":55,"column":20},"end":{"line":55,"column":57}},"31":{"start":{"line":56,"column":4},"end":{"line":79,"column":null}},"32":{"start":{"line":57,"column":8},"end":{"line":57,"column":38}},"33":{"start":{"line":58,"column":23},"end":{"line":69,"column":25}},"34":{"start":{"line":70,"column":23},"end":{"line":70,"column":40}},"35":{"start":{"line":71,"column":8},"end":{"line":71,"column":35}},"36":{"start":{"line":72,"column":8},"end":{"line":72,"column":null}},"37":{"start":{"line":73,"column":8},"end":{"line":73,"column":32}},"38":{"start":{"line":74,"column":8},"end":{"line":74,"column":25}},"39":{"start":{"line":76,"column":8},"end":{"line":76,"column":23}},"40":{"start":{"line":78,"column":8},"end":{"line":78,"column":35}},"41":{"start":{"line":80,"column":4},"end":{"line":80,"column":21}},"42":{"start":{"line":53,"column":0},"end":{"line":53,"column":22}},"43":{"start":{"line":85,"column":20},"end":{"line":85,"column":57}},"44":{"start":{"line":86,"column":4},"end":{"line":111,"column":null}},"45":{"start":{"line":87,"column":8},"end":{"line":87,"column":38}},"46":{"start":{"line":88,"column":23},"end":{"line":101,"column":16}},"47":{"start":{"line":102,"column":23},"end":{"line":102,"column":40}},"48":{"start":{"line":103,"column":8},"end":{"line":103,"column":35}},"49":{"start":{"line":104,"column":8},"end":{"line":104,"column":null}},"50":{"start":{"line":105,"column":8},"end":{"line":105,"column":32}},"51":{"start":{"line":106,"column":8},"end":{"line":106,"column":25}},"52":{"start":{"line":108,"column":8},"end":{"line":108,"column":23}},"53":{"start":{"line":110,"column":8},"end":{"line":110,"column":35}},"54":{"start":{"line":112,"column":4},"end":{"line":112,"column":21}},"55":{"start":{"line":83,"column":0},"end":{"line":83,"column":22}},"56":{"start":{"line":117,"column":4},"end":{"line":130,"column":null}},"57":{"start":{"line":118,"column":8},"end":{"line":118,"column":38}},"58":{"start":{"line":119,"column":24},"end":{"line":119,"column":86}},"59":{"start":{"line":121,"column":21},"end":{"line":121,"column":60}},"60":{"start":{"line":123,"column":18},"end":{"line":123,"column":78}},"61":{"start":{"line":124,"column":8},"end":{"line":124,"column":null}},"62":{"start":{"line":125,"column":8},"end":{"line":125,"column":22}},"63":{"start":{"line":127,"column":8},"end":{"line":127,"column":25}},"64":{"start":{"line":129,"column":8},"end":{"line":129,"column":35}},"65":{"start":{"line":131,"column":4},"end":{"line":131,"column":14}},"66":{"start":{"line":115,"column":0},"end":{"line":115,"column":22}}},"fnMap":{"0":{"name":"getCoffeeList","decl":{"start":{"line":5,"column":22},"end":{"line":5,"column":35}},"loc":{"start":{"line":5,"column":35},"end":{"line":18,"column":null}}},"1":{"name":"getCoffeeItem","decl":{"start":{"line":20,"column":22},"end":{"line":20,"column":35}},"loc":{"start":{"line":20,"column":45},"end":{"line":35,"column":null}}},"2":{"name":"searchCoffeeItem","decl":{"start":{"line":37,"column":22},"end":{"line":37,"column":38}},"loc":{"start":{"line":37,"column":62},"end":{"line":51,"column":null}}},"3":{"name":"saveCoffeeItem","decl":{"start":{"line":53,"column":22},"end":{"line":53,"column":36}},"loc":{"start":{"line":53,"column":50},"end":{"line":81,"column":null}}},"4":{"name":"updateCoffeeItem","decl":{"start":{"line":83,"column":22},"end":{"line":83,"column":38}},"loc":{"start":{"line":83,"column":63},"end":{"line":113,"column":null}}},"5":{"name":"deleteCoffeeItem","decl":{"start":{"line":115,"column":22},"end":{"line":115,"column":38}},"loc":{"start":{"line":115,"column":48},"end":{"line":132,"column":null}}}},"branchMap":{"0":{"loc":{"start":{"line":15,"column":8},"end":{"line":15,"column":14}},"type":"binary-expr","locations":[{"start":{"line":15,"column":8},"end":{"line":15,"column":14}},{"start":{"line":15,"column":18},"end":{"line":15,"column":34}}]},"1":{"loc":{"start":{"line":32,"column":8},"end":{"line":32,"column":14}},"type":"binary-expr","locations":[{"start":{"line":32,"column":8},"end":{"line":32,"column":14}},{"start":{"line":32,"column":18},"end":{"line":32,"column":34}}]},"2":{"loc":{"start":{"line":48,"column":8},"end":{"line":48,"column":14}},"type":"binary-expr","locations":[{"start":{"line":48,"column":8},"end":{"line":48,"column":14}},{"start":{"line":48,"column":18},"end":{"line":48,"column":34}}]},"3":{"loc":{"start":{"line":78,"column":8},"end":{"line":78,"column":14}},"type":"binary-expr","locations":[{"start":{"line":78,"column":8},"end":{"line":78,"column":14}},{"start":{"line":78,"column":18},"end":{"line":78,"column":34}}]},"4":{"loc":{"start":{"line":110,"column":8},"end":{"line":110,"column":14}},"type":"binary-expr","locations":[{"start":{"line":110,"column":8},"end":{"line":110,"column":14}},{"start":{"line":110,"column":18},"end":{"line":110,"column":34}}]},"5":{"loc":{"start":{"line":129,"column":8},"end":{"line":129,"column":14}},"type":"binary-expr","locations":[{"start":{"line":129,"column":8},"end":{"line":129,"column":14}},{"start":{"line":129,"column":18},"end":{"line":129,"column":34}}]}},"s":{"0":1,"1":1,"2":1,"3":0,"4":0,"5":0,"6":0,"7":0,"8":0,"9":0,"10":0,"11":1,"12":1,"13":1,"14":1,"15":1,"16":1,"17":0,"18":1,"19":0,"20":1,"21":1,"22":1,"23":1,"24":1,"25":1,"26":0,"27":1,"28":0,"29":1,"30":0,"31":0,"32":0,"33":0,"34":0,"35":0,"36":0,"37":0,"38":0,"39":0,"40":0,"41":0,"42":1,"43":0,"44":0,"45":0,"46":0,"47":0,"48":0,"49":0,"50":0,"51":0,"52":0,"53":0,"54":0,"55":1,"56":0,"57":0,"58":0,"59":0,"60":0,"61":0,"62":0,"63":0,"64":0,"65":0,"66":1},"f":{"0":0,"1":1,"2":1,"3":0,"4":0,"5":0},"b":{"0":[0,0],"1":[1,1],"2":[1,1],"3":[0,0],"4":[0,0],"5":[0,0]}}
,"C:\\Users\\Jonjon\\Desktop\\project_zero\\src\\dao\\UsersDAO.ts": {"path":"C:\\Users\\Jonjon\\Desktop\\project_zero\\src\\dao\\UsersDAO.ts","statementMap":{"0":{"start":{"line":1,"column":0},"end":{"line":1,"column":32}},"1":{"start":{"line":3,"column":0},"end":{"line":3,"column":57}},"2":{"start":{"line":4,"column":0},"end":{"line":4,"column":49}},"3":{"start":{"line":9,"column":4},"end":{"line":28,"column":null}},"4":{"start":{"line":11,"column":8},"end":{"line":27,"column":null}},"5":{"start":{"line":13,"column":12},"end":{"line":13,"column":42}},"6":{"start":{"line":14,"column":28},"end":{"line":14,"column":105}},"7":{"start":{"line":16,"column":31},"end":{"line":16,"column":69}},"8":{"start":{"line":17,"column":12},"end":{"line":21,"column":null}},"9":{"start":{"line":18,"column":16},"end":{"line":18,"column":82}},"10":{"start":{"line":20,"column":16},"end":{"line":20,"column":47}},"11":{"start":{"line":23,"column":12},"end":{"line":23,"column":29}},"12":{"start":{"line":24,"column":12},"end":{"line":24,"column":41}},"13":{"start":{"line":26,"column":12},"end":{"line":26,"column":39}},"14":{"start":{"line":29,"column":4},"end":{"line":29,"column":41}},"15":{"start":{"line":6,"column":0},"end":{"line":6,"column":22}}},"fnMap":{"0":{"name":"validateUser","decl":{"start":{"line":6,"column":22},"end":{"line":6,"column":34}},"loc":{"start":{"line":6,"column":76},"end":{"line":30,"column":null}}}},"branchMap":{"0":{"loc":{"start":{"line":9,"column":4},"end":{"line":28,"column":null}},"type":"if","locations":[{"start":{"line":9,"column":4},"end":{"line":28,"column":null}},{"start":{"line":9,"column":4},"end":{"line":28,"column":null}}]},"1":{"loc":{"start":{"line":17,"column":12},"end":{"line":21,"column":null}},"type":"if","locations":[{"start":{"line":17,"column":12},"end":{"line":21,"column":null}},{"start":{"line":17,"column":12},"end":{"line":21,"column":null}}]},"2":{"loc":{"start":{"line":26,"column":12},"end":{"line":26,"column":18}},"type":"binary-expr","locations":[{"start":{"line":26,"column":12},"end":{"line":26,"column":18}},{"start":{"line":26,"column":22},"end":{"line":26,"column":38}}]}},"s":{"0":1,"1":1,"2":1,"3":0,"4":0,"5":0,"6":0,"7":0,"8":0,"9":0,"10":0,"11":0,"12":0,"13":0,"14":0,"15":1},"f":{"0":0},"b":{"0":[0,0],"1":[0,0],"2":[0,0]}}
,"C:\\Users\\Jonjon\\Desktop\\project_zero\\src\\dao\\poolDB.ts": {"path":"C:\\Users\\Jonjon\\Desktop\\project_zero\\src\\dao\\poolDB.ts","statementMap":{"0":{"start":{"line":1,"column":0},"end":{"line":1,"column":26}},"1":{"start":{"line":3,"column":13},"end":{"line":9,"column":null}}},"fnMap":{},"branchMap":{},"s":{"0":1,"1":1},"f":{},"b":{}}
,"C:\\Users\\Jonjon\\Desktop\\project_zero\\src\\dto\\CoffeeDTO.ts": {"path":"C:\\Users\\Jonjon\\Desktop\\project_zero\\src\\dto\\CoffeeDTO.ts","statementMap":{"0":{"start":{"line":1,"column":0},"end":{"line":1,"column":40}},"1":{"start":{"line":12,"column":8},"end":{"line":12,"column":21}},"2":{"start":{"line":13,"column":8},"end":{"line":13,"column":39}},"3":{"start":{"line":14,"column":8},"end":{"line":14,"column":51}},"4":{"start":{"line":15,"column":8},"end":{"line":15,"column":35}},"5":{"start":{"line":16,"column":8},"end":{"line":16,"column":45}},"6":{"start":{"line":17,"column":8},"end":{"line":17,"column":43}},"7":{"start":{"line":18,"column":8},"end":{"line":18,"column":27}},"8":{"start":{"line":3,"column":0},"end":{"line":3,"column":13}},"9":{"start":{"line":23,"column":4},"end":{"line":23,"column":135}},"10":{"start":{"line":22,"column":0},"end":{"line":22,"column":16}}},"fnMap":{"0":{"name":"(anonymous_0)","decl":{"start":{"line":11,"column":4},"end":{"line":11,"column":16}},"loc":{"start":{"line":11,"column":155},"end":{"line":19,"column":5}}},"1":{"name":"convertToCoffeeObject","decl":{"start":{"line":22,"column":16},"end":{"line":22,"column":37}},"loc":{"start":{"line":22,"column":51},"end":{"line":24,"column":1}}}},"branchMap":{},"s":{"0":2,"1":1,"2":1,"3":1,"4":1,"5":1,"6":1,"7":1,"8":2,"9":4,"10":2},"f":{"0":1,"1":4},"b":{}}
,"C:\\Users\\Jonjon\\Desktop\\project_zero\\src\\dto\\CustomerDTO.ts": {"path":"C:\\Users\\Jonjon\\Desktop\\project_zero\\src\\dto\\CustomerDTO.ts","statementMap":{"0":{"start":{"line":1,"column":0},"end":{"line":1,"column":47}},"1":{"start":{"line":9,"column":8},"end":{"line":9,"column":41}},"2":{"start":{"line":10,"column":8},"end":{"line":10,"column":43}},"3":{"start":{"line":11,"column":8},"end":{"line":11,"column":49}},"4":{"start":{"line":3,"column":0},"end":{"line":3,"column":13}},"5":{"start":{"line":16,"column":4},"end":{"line":16,"column":84}},"6":{"start":{"line":15,"column":0},"end":{"line":15,"column":16}}},"fnMap":{"0":{"name":"(anonymous_0)","decl":{"start":{"line":8,"column":4},"end":{"line":8,"column":16}},"loc":{"start":{"line":8,"column":82},"end":{"line":12,"column":5}}},"1":{"name":"convertToCustomersObject","decl":{"start":{"line":15,"column":16},"end":{"line":15,"column":40}},"loc":{"start":{"line":15,"column":54},"end":{"line":17,"column":1}}}},"branchMap":{},"s":{"0":1,"1":1,"2":1,"3":1,"4":1,"5":1,"6":1},"f":{"0":1,"1":1},"b":{}}
,"C:\\Users\\Jonjon\\Desktop\\project_zero\\src\\dto\\UsersDTO.ts": {"path":"C:\\Users\\Jonjon\\Desktop\\project_zero\\src\\dto\\UsersDTO.ts","statementMap":{"0":{"start":{"line":1,"column":0},"end":{"line":1,"column":41}},"1":{"start":{"line":9,"column":8},"end":{"line":9,"column":37}},"2":{"start":{"line":10,"column":8},"end":{"line":10,"column":35}},"3":{"start":{"line":11,"column":8},"end":{"line":11,"column":43}},"4":{"start":{"line":12,"column":8},"end":{"line":12,"column":35}},"5":{"start":{"line":3,"column":0},"end":{"line":3,"column":13}},"6":{"start":{"line":17,"column":4},"end":{"line":17,"column":86}},"7":{"start":{"line":16,"column":0},"end":{"line":16,"column":16}}},"fnMap":{"0":{"name":"(anonymous_0)","decl":{"start":{"line":8,"column":4},"end":{"line":8,"column":16}},"loc":{"start":{"line":8,"column":94},"end":{"line":13,"column":5}}},"1":{"name":"convertToUsersObject","decl":{"start":{"line":16,"column":16},"end":{"line":16,"column":36}},"loc":{"start":{"line":16,"column":49},"end":{"line":18,"column":1}}}},"branchMap":{},"s":{"0":1,"1":0,"2":0,"3":0,"4":0,"5":1,"6":0,"7":1},"f":{"0":0,"1":0},"b":{}}
,"C:\\Users\\Jonjon\\Desktop\\project_zero\\src\\middleware\\LoggingMiddleware.ts": {"path":"C:\\Users\\Jonjon\\Desktop\\project_zero\\src\\middleware\\LoggingMiddleware.ts","statementMap":{"0":{"start":{"line":5,"column":19},"end":{"line":5,"column":29}},"1":{"start":{"line":6,"column":4},"end":{"line":6,"column":null}},"2":{"start":{"line":7,"column":4},"end":{"line":7,"column":null}},"3":{"start":{"line":8,"column":4},"end":{"line":8,"column":null}},"4":{"start":{"line":9,"column":4},"end":{"line":9,"column":null}},"5":{"start":{"line":10,"column":4},"end":{"line":10,"column":null}},"6":{"start":{"line":12,"column":4},"end":{"line":12,"column":11}},"7":{"start":{"line":3,"column":0},"end":{"line":3,"column":16}}},"fnMap":{"0":{"name":"loggingMiddleware","decl":{"start":{"line":3,"column":16},"end":{"line":3,"column":33}},"loc":{"start":{"line":3,"column":78},"end":{"line":13,"column":1}}}},"branchMap":{},"s":{"0":0,"1":0,"2":0,"3":0,"4":0,"5":0,"6":0,"7":1},"f":{"0":0},"b":{}}
,"C:\\Users\\Jonjon\\Desktop\\project_zero\\src\\middleware\\SessionMiddleware.ts": {"path":"C:\\Users\\Jonjon\\Desktop\\project_zero\\src\\middleware\\SessionMiddleware.ts","statementMap":{"0":{"start":{"line":1,"column":0},"end":{"line":1,"column":38}},"1":{"start":{"line":3,"column":22},"end":{"line":7,"column":2}},"2":{"start":{"line":9,"column":13},"end":{"line":9,"column":56}}},"fnMap":{},"branchMap":{},"s":{"0":1,"1":1,"2":1},"f":{},"b":{}}
,"C:\\Users\\Jonjon\\Desktop\\project_zero\\src\\model\\coffee.ts": {"path":"C:\\Users\\Jonjon\\Desktop\\project_zero\\src\\model\\coffee.ts","statementMap":{"0":{"start":{"line":18,"column":8},"end":{"line":18,"column":21}},"1":{"start":{"line":19,"column":8},"end":{"line":19,"column":39}},"2":{"start":{"line":20,"column":8},"end":{"line":20,"column":51}},"3":{"start":{"line":21,"column":8},"end":{"line":21,"column":35}},"4":{"start":{"line":22,"column":8},"end":{"line":22,"column":45}},"5":{"start":{"line":23,"column":8},"end":{"line":23,"column":43}},"6":{"start":{"line":24,"column":8},"end":{"line":24,"column":27}},"7":{"start":{"line":2,"column":0},"end":{"line":2,"column":13}}},"fnMap":{"0":{"name":"(anonymous_0)","decl":{"start":{"line":11,"column":4},"end":{"line":11,"column":16}},"loc":{"start":{"line":17,"column":21},"end":{"line":26,"column":5}}}},"branchMap":{},"s":{"0":5,"1":5,"2":5,"3":5,"4":5,"5":5,"6":5,"7":3},"f":{"0":5},"b":{}}
,"C:\\Users\\Jonjon\\Desktop\\project_zero\\src\\model\\customers.ts": {"path":"C:\\Users\\Jonjon\\Desktop\\project_zero\\src\\model\\customers.ts","statementMap":{"0":{"start":{"line":7,"column":8},"end":{"line":7,"column":41}},"1":{"start":{"line":8,"column":8},"end":{"line":8,"column":43}},"2":{"start":{"line":9,"column":8},"end":{"line":9,"column":49}},"3":{"start":{"line":1,"column":0},"end":{"line":1,"column":13}}},"fnMap":{"0":{"name":"(anonymous_0)","decl":{"start":{"line":6,"column":4},"end":{"line":6,"column":16}},"loc":{"start":{"line":6,"column":82},"end":{"line":10,"column":5}}}},"branchMap":{},"s":{"0":2,"1":2,"2":2,"3":2},"f":{"0":2},"b":{}}
,"C:\\Users\\Jonjon\\Desktop\\project_zero\\src\\model\\users.ts": {"path":"C:\\Users\\Jonjon\\Desktop\\project_zero\\src\\model\\users.ts","statementMap":{"0":{"start":{"line":8,"column":8},"end":{"line":8,"column":37}},"1":{"start":{"line":9,"column":8},"end":{"line":9,"column":35}},"2":{"start":{"line":10,"column":8},"end":{"line":10,"column":43}},"3":{"start":{"line":11,"column":8},"end":{"line":11,"column":35}},"4":{"start":{"line":1,"column":0},"end":{"line":1,"column":13}}},"fnMap":{"0":{"name":"(anonymous_0)","decl":{"start":{"line":7,"column":4},"end":{"line":7,"column":16}},"loc":{"start":{"line":7,"column":91},"end":{"line":12,"column":5}}}},"branchMap":{},"s":{"0":0,"1":0,"2":0,"3":0,"4":1},"f":{"0":0},"b":{}}
,"C:\\Users\\Jonjon\\Desktop\\project_zero\\src\\router\\CoffeeRouter.ts": {"path":"C:\\Users\\Jonjon\\Desktop\\project_zero\\src\\router\\CoffeeRouter.ts","statementMap":{"0":{"start":{"line":1,"column":0},"end":{"line":1,"column":33}},"1":{"start":{"line":2,"column":0},"end":{"line":2,"column":58}},"2":{"start":{"line":3,"column":0},"end":{"line":3,"column":43}},"3":{"start":{"line":4,"column":13},"end":{"line":4,"column":37}},"4":{"start":{"line":6,"column":0},"end":{"line":12,"column":null}},"5":{"start":{"line":6,"column":41},"end":{"line":12,"column":2}},"6":{"start":{"line":7,"column":4},"end":{"line":11,"column":null}},"7":{"start":{"line":8,"column":8},"end":{"line":8,"column":54}},"8":{"start":{"line":10,"column":8},"end":{"line":10,"column":null}},"9":{"start":{"line":14,"column":0},"end":{"line":23,"column":null}},"10":{"start":{"line":14,"column":44},"end":{"line":23,"column":2}},"11":{"start":{"line":15,"column":4},"end":{"line":22,"column":null}},"12":{"start":{"line":16,"column":19},"end":{"line":16,"column":40}},"13":{"start":{"line":18,"column":8},"end":{"line":18,"column":56}},"14":{"start":{"line":21,"column":8},"end":{"line":21,"column":null}},"15":{"start":{"line":25,"column":0},"end":{"line":37,"column":null}},"16":{"start":{"line":25,"column":58},"end":{"line":37,"column":2}},"17":{"start":{"line":26,"column":4},"end":{"line":36,"column":null}},"18":{"start":{"line":27,"column":20},"end":{"line":27,"column":34}},"19":{"start":{"line":28,"column":21},"end":{"line":28,"column":36}},"20":{"start":{"line":29,"column":8},"end":{"line":29,"column":25}},"21":{"start":{"line":30,"column":8},"end":{"line":30,"column":26}},"22":{"start":{"line":32,"column":8},"end":{"line":32,"column":66}},"23":{"start":{"line":35,"column":8},"end":{"line":35,"column":null}},"24":{"start":{"line":39,"column":0},"end":{"line":70,"column":null}},"25":{"start":{"line":39,"column":42},"end":{"line":70,"column":2}},"26":{"start":{"line":54,"column":8},"end":{"line":54,"column":16}},"27":{"start":{"line":55,"column":4},"end":{"line":55,"column":26}},"28":{"start":{"line":56,"column":4},"end":{"line":69,"column":null}},"29":{"start":{"line":57,"column":29},"end":{"line":65,"column":23}},"30":{"start":{"line":66,"column":8},"end":{"line":66,"column":37}},"31":{"start":{"line":68,"column":8},"end":{"line":68,"column":null}},"32":{"start":{"line":72,"column":0},"end":{"line":103,"column":null}},"33":{"start":{"line":72,"column":45},"end":{"line":103,"column":2}},"34":{"start":{"line":87,"column":8},"end":{"line":87,"column":16}},"35":{"start":{"line":88,"column":15},"end":{"line":88,"column":36}},"36":{"start":{"line":89,"column":4},"end":{"line":102,"column":null}},"37":{"start":{"line":90,"column":29},"end":{"line":98,"column":23}},"38":{"start":{"line":99,"column":8},"end":{"line":99,"column":37}},"39":{"start":{"line":101,"column":8},"end":{"line":101,"column":null}},"40":{"start":{"line":105,"column":0},"end":{"line":118,"column":null}},"41":{"start":{"line":105,"column":47},"end":{"line":118,"column":2}},"42":{"start":{"line":106,"column":4},"end":{"line":117,"column":null}},"43":{"start":{"line":107,"column":19},"end":{"line":107,"column":40}},"44":{"start":{"line":109,"column":28},"end":{"line":109,"column":68}},"45":{"start":{"line":111,"column":8},"end":{"line":111,"column":null}},"46":{"start":{"line":113,"column":8},"end":{"line":113,"column":59}},"47":{"start":{"line":116,"column":8},"end":{"line":116,"column":null}}},"fnMap":{"0":{"name":"(anonymous_13)","decl":{"start":{"line":6,"column":22},"end":{"line":6,"column":29}},"loc":{"start":{"line":6,"column":41},"end":{"line":12,"column":2}}},"1":{"name":"(anonymous_14)","decl":{"start":{"line":6,"column":41},"end":{"line":6,"column":null}},"loc":{"start":{"line":6,"column":41},"end":{"line":12,"column":1}}},"2":{"name":"(anonymous_15)","decl":{"start":{"line":14,"column":25},"end":{"line":14,"column":32}},"loc":{"start":{"line":14,"column":44},"end":{"line":23,"column":2}}},"3":{"name":"(anonymous_16)","decl":{"start":{"line":14,"column":44},"end":{"line":14,"column":null}},"loc":{"start":{"line":14,"column":44},"end":{"line":23,"column":1}}},"4":{"name":"(anonymous_17)","decl":{"start":{"line":25,"column":39},"end":{"line":25,"column":46}},"loc":{"start":{"line":25,"column":58},"end":{"line":37,"column":2}}},"5":{"name":"(anonymous_18)","decl":{"start":{"line":25,"column":58},"end":{"line":25,"column":null}},"loc":{"start":{"line":25,"column":58},"end":{"line":37,"column":1}}},"6":{"name":"(anonymous_19)","decl":{"start":{"line":39,"column":23},"end":{"line":39,"column":30}},"loc":{"start":{"line":39,"column":42},"end":{"line":70,"column":2}}},"7":{"name":"(anonymous_20)","decl":{"start":{"line":39,"column":42},"end":{"line":39,"column":null}},"loc":{"start":{"line":39,"column":42},"end":{"line":70,"column":1}}},"8":{"name":"(anonymous_21)","decl":{"start":{"line":72,"column":26},"end":{"line":72,"column":33}},"loc":{"start":{"line":72,"column":45},"end":{"line":103,"column":2}}},"9":{"name":"(anonymous_22)","decl":{"start":{"line":72,"column":45},"end":{"line":72,"column":null}},"loc":{"start":{"line":72,"column":45},"end":{"line":103,"column":1}}},"10":{"name":"(anonymous_23)","decl":{"start":{"line":105,"column":28},"end":{"line":105,"column":35}},"loc":{"start":{"line":105,"column":47},"end":{"line":118,"column":2}}},"11":{"name":"(anonymous_24)","decl":{"start":{"line":105,"column":47},"end":{"line":105,"column":null}},"loc":{"start":{"line":105,"column":47},"end":{"line":118,"column":1}}}},"branchMap":{},"s":{"0":1,"1":1,"2":1,"3":1,"4":1,"5":0,"6":0,"7":0,"8":0,"9":1,"10":0,"11":0,"12":0,"13":0,"14":0,"15":1,"16":0,"17":0,"18":0,"19":0,"20":0,"21":0,"22":0,"23":0,"24":1,"25":0,"26":0,"27":0,"28":0,"29":0,"30":0,"31":0,"32":1,"33":0,"34":0,"35":0,"36":0,"37":0,"38":0,"39":0,"40":1,"41":0,"42":0,"43":0,"44":0,"45":0,"46":0,"47":0},"f":{"0":0,"1":0,"2":0,"3":0,"4":0,"5":0,"6":0,"7":0,"8":0,"9":0,"10":0,"11":0},"b":{}}
,"C:\\Users\\Jonjon\\Desktop\\project_zero\\src\\router\\UsersRouter.ts": {"path":"C:\\Users\\Jonjon\\Desktop\\project_zero\\src\\router\\UsersRouter.ts","statementMap":{"0":{"start":{"line":1,"column":0},"end":{"line":1,"column":54}},"1":{"start":{"line":2,"column":0},"end":{"line":2,"column":33}},"2":{"start":{"line":4,"column":13},"end":{"line":4,"column":36}},"3":{"start":{"line":6,"column":0},"end":{"line":23,"column":null}},"4":{"start":{"line":6,"column":41},"end":{"line":23,"column":2}},"5":{"start":{"line":14,"column":8},"end":{"line":14,"column":16}},"6":{"start":{"line":16,"column":23},"end":{"line":16,"column":80}},"7":{"start":{"line":21,"column":4},"end":{"line":21,"column":30}},"8":{"start":{"line":22,"column":4},"end":{"line":22,"column":27}}},"fnMap":{"0":{"name":"(anonymous_13)","decl":{"start":{"line":6,"column":22},"end":{"line":6,"column":29}},"loc":{"start":{"line":6,"column":41},"end":{"line":23,"column":2}}},"1":{"name":"(anonymous_14)","decl":{"start":{"line":6,"column":41},"end":{"line":6,"column":null}},"loc":{"start":{"line":6,"column":41},"end":{"line":23,"column":1}}}},"branchMap":{},"s":{"0":1,"1":1,"2":1,"3":1,"4":0,"5":0,"6":0,"7":0,"8":0},"f":{"0":0,"1":0},"b":{}}
,"C:\\Users\\Jonjon\\Desktop\\project_zero\\src\\service\\CoffeeService.ts": {"path":"C:\\Users\\Jonjon\\Desktop\\project_zero\\src\\service\\CoffeeService.ts","statementMap":{"0":{"start":{"line":1,"column":0},"end":{"line":1,"column":47}},"1":{"start":{"line":5,"column":4},"end":{"line":5,"column":37}},"2":{"start":{"line":4,"column":0},"end":{"line":4,"column":22}},"3":{"start":{"line":9,"column":4},"end":{"line":9,"column":null}},"4":{"start":{"line":8,"column":0},"end":{"line":8,"column":22}},"5":{"start":{"line":13,"column":4},"end":{"line":13,"column":39}},"6":{"start":{"line":12,"column":0},"end":{"line":12,"column":22}},"7":{"start":{"line":18,"column":4},"end":{"line":18,"column":49}},"8":{"start":{"line":17,"column":0},"end":{"line":17,"column":22}},"9":{"start":{"line":22,"column":4},"end":{"line":22,"column":42}},"10":{"start":{"line":21,"column":0},"end":{"line":21,"column":22}},"11":{"start":{"line":26,"column":4},"end":{"line":26,"column":49}},"12":{"start":{"line":25,"column":0},"end":{"line":25,"column":22}}},"fnMap":{"0":{"name":"getCoffeeList","decl":{"start":{"line":4,"column":22},"end":{"line":4,"column":35}},"loc":{"start":{"line":4,"column":35},"end":{"line":6,"column":null}}},"1":{"name":"saveCoffeeItem","decl":{"start":{"line":8,"column":22},"end":{"line":8,"column":36}},"loc":{"start":{"line":8,"column":49},"end":{"line":10,"column":null}}},"2":{"name":"getCoffeeItem","decl":{"start":{"line":12,"column":22},"end":{"line":12,"column":35}},"loc":{"start":{"line":12,"column":45},"end":{"line":14,"column":null}}},"3":{"name":"updateCoffeeItem","decl":{"start":{"line":17,"column":22},"end":{"line":17,"column":38}},"loc":{"start":{"line":17,"column":62},"end":{"line":19,"column":null}}},"4":{"name":"deleteCoffeeItem","decl":{"start":{"line":21,"column":22},"end":{"line":21,"column":38}},"loc":{"start":{"line":21,"column":48},"end":{"line":23,"column":null}}},"5":{"name":"searchCoffeeItem","decl":{"start":{"line":25,"column":22},"end":{"line":25,"column":38}},"loc":{"start":{"line":25,"column":62},"end":{"line":27,"column":null}}}},"branchMap":{},"s":{"0":1,"1":0,"2":1,"3":0,"4":1,"5":0,"6":1,"7":0,"8":1,"9":0,"10":1,"11":0,"12":1},"f":{"0":0,"1":0,"2":0,"3":0,"4":0,"5":0},"b":{}}
,"C:\\Users\\Jonjon\\Desktop\\project_zero\\src\\service\\UsersService.ts": {"path":"C:\\Users\\Jonjon\\Desktop\\project_zero\\src\\service\\UsersService.ts","statementMap":{"0":{"start":{"line":1,"column":0},"end":{"line":1,"column":45}},"1":{"start":{"line":5,"column":4},"end":{"line":5,"column":59}},"2":{"start":{"line":4,"column":0},"end":{"line":4,"column":22}}},"fnMap":{"0":{"name":"validateUser","decl":{"start":{"line":4,"column":22},"end":{"line":4,"column":34}},"loc":{"start":{"line":4,"column":74},"end":{"line":6,"column":null}}}},"branchMap":{},"s":{"0":1,"1":0,"2":1},"f":{"0":0},"b":{}}
,"C:\\Users\\Jonjon\\Desktop\\project_zero\\src\\utils\\config.ts": {"path":"C:\\Users\\Jonjon\\Desktop\\project_zero\\src\\utils\\config.ts","statementMap":{"0":{"start":{"line":1,"column":13},"end":{"line":1,"column":45}}},"fnMap":{},"branchMap":{"0":{"loc":{"start":{"line":1,"column":20},"end":{"line":1,"column":36}},"type":"binary-expr","locations":[{"start":{"line":1,"column":20},"end":{"line":1,"column":36}},{"start":{"line":1,"column":40},"end":{"line":1,"column":44}}]}},"s":{"0":1},"f":{},"b":{"0":[1,1]}}
,"C:\\Users\\Jonjon\\Desktop\\project_zero\\src\\utils\\validate.ts": {"path":"C:\\Users\\Jonjon\\Desktop\\project_zero\\src\\utils\\validate.ts","statementMap":{"0":{"start":{"line":2,"column":24},"end":{"line":3,"column":31}},"1":{"start":{"line":4,"column":27},"end":{"line":6,"column":39}},"2":{"start":{"line":8,"column":4},"end":{"line":8,"column":41}},"3":{"start":{"line":1,"column":0},"end":{"line":1,"column":16}}},"fnMap":{"0":{"name":"isUserValid","decl":{"start":{"line":1,"column":16},"end":{"line":1,"column":27}},"loc":{"start":{"line":1,"column":53},"end":{"line":9,"column":1}}}},"branchMap":{"0":{"loc":{"start":{"line":2,"column":24},"end":{"line":2,"column":53}},"type":"binary-expr","locations":[{"start":{"line":2,"column":24},"end":{"line":2,"column":53}},{"start":{"line":3,"column":8},"end":{"line":3,"column":31}}]},"1":{"loc":{"start":{"line":4,"column":27},"end":{"line":4,"column":59}},"type":"binary-expr","locations":[{"start":{"line":4,"column":27},"end":{"line":4,"column":59}},{"start":{"line":5,"column":8},"end":{"line":5,"column":34}},{"start":{"line":6,"column":8},"end":{"line":6,"column":39}}]},"2":{"loc":{"start":{"line":8,"column":11},"end":{"line":8,"column":22}},"type":"binary-expr","locations":[{"start":{"line":8,"column":11},"end":{"line":8,"column":22}},{"start":{"line":8,"column":26},"end":{"line":8,"column":40}}]}},"s":{"0":0,"1":0,"2":0,"3":1},"f":{"0":0},"b":{"0":[0,0],"1":[0,0,0],"2":[0,0]}}
}
