TN:
SF:src\index.ts
FN:33,(anonymous_1)
FNF:1
FNH:1
FNDA:1,(anonymous_1)
DA:2,1
DA:3,1
DA:4,1
DA:5,1
DA:6,1
DA:7,1
DA:8,1
DA:9,1
DA:10,1
DA:13,1
DA:14,1
DA:16,1
DA:18,1
DA:22,1
DA:24,1
DA:26,1
DA:27,1
DA:29,1
DA:30,1
DA:33,1
DA:34,1
LF:21
LH:21
BRF:0
BRH:0
end_of_record
TN:
SF:src\dao\CoffeeDAO.ts
FN:5,getCoffeeList
FN:20,getCoffeeItem
FN:37,searchCoffeeItem
FN:53,saveCoffeeItem
FN:83,updateCoffeeItem
FN:115,deleteCoffeeItem
FNF:6
FNH:2
FNDA:0,getCoffeeList
FNDA:1,getCoffeeItem
FNDA:1,searchCoffeeItem
FNDA:0,saveCoffeeItem
FNDA:0,updateCoffeeItem
FNDA:0,deleteCoffeeItem
DA:1,1
DA:2,1
DA:3,1
DA:5,1
DA:7,0
DA:8,0
DA:9,0
DA:10,0
DA:11,0
DA:13,0
DA:15,0
DA:17,0
DA:20,1
DA:22,1
DA:23,1
DA:24,1
DA:26,1
DA:28,1
DA:30,0
DA:32,1
DA:34,0
DA:37,1
DA:39,1
DA:40,1
DA:42,1
DA:43,1
DA:44,1
DA:46,0
DA:48,1
DA:50,0
DA:53,1
DA:55,0
DA:56,0
DA:57,0
DA:58,0
DA:70,0
DA:71,0
DA:72,0
DA:73,0
DA:74,0
DA:76,0
DA:78,0
DA:80,0
DA:83,1
DA:85,0
DA:86,0
DA:87,0
DA:88,0
DA:102,0
DA:103,0
DA:104,0
DA:105,0
DA:106,0
DA:108,0
DA:110,0
DA:112,0
DA:115,1
DA:117,0
DA:118,0
DA:119,0
DA:121,0
DA:123,0
DA:124,0
DA:125,0
DA:127,0
DA:129,0
DA:131,0
LF:67
LH:21
BRDA:15,0,0,0
BRDA:15,0,1,0
BRDA:32,1,0,1
BRDA:32,1,1,1
BRDA:48,2,0,1
BRDA:48,2,1,1
BRDA:78,3,0,0
BRDA:78,3,1,0
BRDA:110,4,0,0
BRDA:110,4,1,0
BRDA:129,5,0,0
BRDA:129,5,1,0
BRF:12
BRH:4
end_of_record
TN:
SF:src\dao\UsersDAO.ts
FN:6,validateUser
FNF:1
FNH:0
FNDA:0,validateUser
DA:1,1
DA:3,1
DA:4,1
DA:6,1
DA:9,0
DA:11,0
DA:13,0
DA:14,0
DA:16,0
DA:17,0
DA:18,0
DA:20,0
DA:23,0
DA:24,0
DA:26,0
DA:29,0
LF:16
LH:4
BRDA:9,0,0,0
BRDA:9,0,1,0
BRDA:17,1,0,0
BRDA:17,1,1,0
BRDA:26,2,0,0
BRDA:26,2,1,0
BRF:6
BRH:0
end_of_record
TN:
SF:src\dao\poolDB.ts
FNF:0
FNH:0
DA:1,1
DA:3,1
LF:2
LH:2
BRF:0
BRH:0
end_of_record
TN:
SF:src\dto\CoffeeDTO.ts
FN:11,(anonymous_0)
FN:22,convertToCoffeeObject
FNF:2
FNH:2
FNDA:1,(anonymous_0)
FNDA:4,convertToCoffeeObject
DA:1,2
DA:3,2
DA:12,1
DA:13,1
DA:14,1
DA:15,1
DA:16,1
DA:17,1
DA:18,1
DA:22,2
DA:23,4
LF:11
LH:11
BRF:0
BRH:0
end_of_record
TN:
SF:src\dto\CustomerDTO.ts
FN:8,(anonymous_0)
FN:15,convertToCustomersObject
FNF:2
FNH:2
FNDA:1,(anonymous_0)
FNDA:1,convertToCustomersObject
DA:1,1
DA:3,1
DA:9,1
DA:10,1
DA:11,1
DA:15,1
DA:16,1
LF:7
LH:7
BRF:0
BRH:0
end_of_record
TN:
SF:src\dto\UsersDTO.ts
FN:8,(anonymous_0)
FN:16,convertToUsersObject
FNF:2
FNH:0
FNDA:0,(anonymous_0)
FNDA:0,convertToUsersObject
DA:1,1
DA:3,1
DA:9,0
DA:10,0
DA:11,0
DA:12,0
DA:16,1
DA:17,0
LF:8
LH:3
BRF:0
BRH:0
end_of_record
TN:
SF:src\middleware\LoggingMiddleware.ts
FN:3,loggingMiddleware
FNF:1
FNH:0
FNDA:0,loggingMiddleware
DA:3,1
DA:5,0
DA:6,0
DA:7,0
DA:8,0
DA:9,0
DA:10,0
DA:12,0
LF:8
LH:1
BRF:0
BRH:0
end_of_record
TN:
SF:src\middleware\SessionMiddleware.ts
FNF:0
FNH:0
DA:1,1
DA:3,1
DA:9,1
LF:3
LH:3
BRF:0
BRH:0
end_of_record
TN:
SF:src\model\coffee.ts
FN:11,(anonymous_0)
FNF:1
FNH:1
FNDA:5,(anonymous_0)
DA:2,3
DA:18,5
DA:19,5
DA:20,5
DA:21,5
DA:22,5
DA:23,5
DA:24,5
LF:8
LH:8
BRF:0
BRH:0
end_of_record
TN:
SF:src\model\customers.ts
FN:6,(anonymous_0)
FNF:1
FNH:1
FNDA:2,(anonymous_0)
DA:1,2
DA:7,2
DA:8,2
DA:9,2
LF:4
LH:4
BRF:0
BRH:0
end_of_record
TN:
SF:src\model\users.ts
FN:7,(anonymous_0)
FNF:1
FNH:0
FNDA:0,(anonymous_0)
DA:1,1
DA:8,0
DA:9,0
DA:10,0
DA:11,0
LF:5
LH:1
BRF:0
BRH:0
end_of_record
TN:
SF:src\router\CoffeeRouter.ts
FN:6,(anonymous_13)
FN:6,(anonymous_14)
FN:14,(anonymous_15)
FN:14,(anonymous_16)
FN:25,(anonymous_17)
FN:25,(anonymous_18)
FN:39,(anonymous_19)
FN:39,(anonymous_20)
FN:72,(anonymous_21)
FN:72,(anonymous_22)
FN:105,(anonymous_23)
FN:105,(anonymous_24)
FNF:12
FNH:0
FNDA:0,(anonymous_13)
FNDA:0,(anonymous_14)
FNDA:0,(anonymous_15)
FNDA:0,(anonymous_16)
FNDA:0,(anonymous_17)
FNDA:0,(anonymous_18)
FNDA:0,(anonymous_19)
FNDA:0,(anonymous_20)
FNDA:0,(anonymous_21)
FNDA:0,(anonymous_22)
FNDA:0,(anonymous_23)
FNDA:0,(anonymous_24)
DA:1,1
DA:2,1
DA:3,1
DA:4,1
DA:6,1
DA:7,0
DA:8,0
DA:10,0
DA:14,1
DA:15,0
DA:16,0
DA:18,0
DA:21,0
DA:25,1
DA:26,0
DA:27,0
DA:28,0
DA:29,0
DA:30,0
DA:32,0
DA:35,0
DA:39,1
DA:54,0
DA:55,0
DA:56,0
DA:57,0
DA:66,0
DA:68,0
DA:72,1
DA:87,0
DA:88,0
DA:89,0
DA:90,0
DA:99,0
DA:101,0
DA:105,1
DA:106,0
DA:107,0
DA:109,0
DA:111,0
DA:113,0
DA:116,0
LF:42
LH:10
BRF:0
BRH:0
end_of_record
TN:
SF:src\router\UsersRouter.ts
FN:6,(anonymous_13)
FN:6,(anonymous_14)
FNF:2
FNH:0
FNDA:0,(anonymous_13)
FNDA:0,(anonymous_14)
DA:1,1
DA:2,1
DA:4,1
DA:6,1
DA:14,0
DA:16,0
DA:21,0
DA:22,0
LF:8
LH:4
BRF:0
BRH:0
end_of_record
TN:
SF:src\service\CoffeeService.ts
FN:4,getCoffeeList
FN:8,saveCoffeeItem
FN:12,getCoffeeItem
FN:17,updateCoffeeItem
FN:21,deleteCoffeeItem
FN:25,searchCoffeeItem
FNF:6
FNH:0
FNDA:0,getCoffeeList
FNDA:0,saveCoffeeItem
FNDA:0,getCoffeeItem
FNDA:0,updateCoffeeItem
FNDA:0,deleteCoffeeItem
FNDA:0,searchCoffeeItem
DA:1,1
DA:4,1
DA:5,0
DA:8,1
DA:9,0
DA:12,1
DA:13,0
DA:17,1
DA:18,0
DA:21,1
DA:22,0
DA:25,1
DA:26,0
LF:13
LH:7
BRF:0
BRH:0
end_of_record
TN:
SF:src\service\UsersService.ts
FN:4,validateUser
FNF:1
FNH:0
FNDA:0,validateUser
DA:1,1
DA:4,1
DA:5,0
LF:3
LH:2
BRF:0
BRH:0
end_of_record
TN:
SF:src\utils\config.ts
FNF:0
FNH:0
DA:1,1
LF:1
LH:1
BRDA:1,0,0,1
BRDA:1,0,1,1
BRF:2
BRH:2
end_of_record
TN:
SF:src\utils\validate.ts
FN:1,isUserValid
FNF:1
FNH:0
FNDA:0,isUserValid
DA:1,1
DA:2,0
DA:4,0
DA:8,0
LF:4
LH:1
BRDA:2,0,0,0
BRDA:2,0,1,0
BRDA:4,1,0,0
BRDA:4,1,1,0
BRDA:4,1,2,0
BRDA:8,2,0,0
BRDA:8,2,1,0
BRF:7
BRH:0
end_of_record
